/*C3*/SET SCHEMA PUBLIC
DELETE FROM PHONE WHERE ID=0
INSERT INTO PHONE VALUES(0,' +380632586454',2,'\u043f\u043e \u0440\u0443\u0441\u0441\u043a\u0438',10)
COMMIT
DELETE FROM PHONE WHERE ID=0
INSERT INTO PHONE VALUES(0,' +380632586454',2,'\u0434\u043e\u0431\u0430\u0432\u043b\u0435\u043d \u043c\u043e\u0431\u0438\u043b\u044c\u043d\u044b\u0439',10)
COMMIT
DELETE FROM PHONE WHERE ID=1
INSERT INTO PHONE VALUES(1,' +380663557295',1,'added mobile phone',11)
COMMIT
DELETE FROM PHONE WHERE ID=2
INSERT INTO PHONE VALUES(2,' +380938392112',2,'phone',12)
COMMIT
DELETE FROM PHONE WHERE ID=3
INSERT INTO PHONE VALUES(3,'seo.men',3,'Skype',13)
COMMIT
DELETE FROM PHONE WHERE ID=3
INSERT INTO PHONE VALUES(3,'seo.men',3,'Skype',13)
COMMIT
DELETE FROM PHONE WHERE ID=3
INSERT INTO PHONE VALUES(3,'seo.men',3,'Skype',13)
COMMIT
DELETE FROM PHONE WHERE ID=3
INSERT INTO PHONE VALUES(3,'seo.men',3,'Skype',13)
COMMIT
DELETE FROM PHONE WHERE ID=3
INSERT INTO PHONE VALUES(3,'seo.men',3,'Skype',13)
COMMIT
DELETE FROM PHONE WHERE ID=2
INSERT INTO PHONE VALUES(2,' +380938392112',2,'phone',12)
COMMIT
